<?xml version="1.0" encoding="UTF-8"?>
<!-- Generated by org.testng.reporters.JUnitXMLReporter -->
<testsuite ignored="0" hostname="DESKTOP-RQAVKAB" failures="1" tests="2" name="Test" time="0.073" errors="0" timestamp="2020-10-26T13:04:46 IST">
  <testcase classname="Testng.Crossbrowsertesting" name="@AfterMethod appclose" time="0.001">
    <failure type="java.lang.NullPointerException">
      <![CDATA[java.lang.NullPointerException
at Testng.Crossbrowsertesting.appclose(Crossbrowsertesting.java:48)
at java.base/java.util.ArrayList.forEach(ArrayList.java:1510)
... Removed 32 stack frames]]>
    </failure>
  </testcase> <!-- @AfterMethod appclose -->
  <testcase classname="Testng.Crossbrowsertesting" name="@AfterMethod appclose" time="-1.603697686781E9">
    <skipped/>
  </testcase> <!-- @AfterMethod appclose -->
  <testcase classname="Testng.Crossbrowsertesting" name="googletitle" time="0.009">
    <failure type="java.lang.NullPointerException">
      <![CDATA[java.lang.NullPointerException
at Testng.Crossbrowsertesting.googletitle(Crossbrowsertesting.java:44)
at java.base/java.util.ArrayList.forEach(ArrayList.java:1510)
... Removed 27 stack frames]]>
    </failure>
  </testcase> <!-- googletitle -->
  <testcase classname="Testng.Crossbrowsertesting" name="search" time="0.0">
    <skipped/>
  </testcase> <!-- search -->
</testsuite> <!-- Test -->
