<?xml version="1.0" encoding="UTF-8"?>
<testng-results ignored="0" total="1" passed="1" failed="0" skipped="0">
  <reporter-output>
  </reporter-output>
  <suite started-at="2020-11-29T18:08:57 IST" name="Default suite" finished-at="2020-11-29T18:09:21 IST" duration-ms="23840">
    <groups>
      <group name="Smoke testing,Functional testing">
        <method signature="Loginfunctionality.loginwithwithoutaccount()[pri:0, instance:Facebookproject.Loginfunctionality@52bf72b5]" name="loginwithwithoutaccount" class="Facebookproject.Loginfunctionality"/>
      </group> <!-- Smoke testing,Functional testing -->
    </groups>
    <test started-at="2020-11-29T18:08:57 IST" name="Default test" finished-at="2020-11-29T18:09:21 IST" duration-ms="23840">
      <class name="Facebookproject.Loginfunctionality">
        <test-method is-config="true" signature="launchbrowser()[pri:0, instance:Facebookproject.Loginfunctionality@52bf72b5]" started-at="2020-11-29T18:08:57 IST" name="launchbrowser" finished-at="2020-11-29T18:09:15 IST" duration-ms="17803" status="PASS">
          <reporter-output>
          </reporter-output>
        </test-method> <!-- launchbrowser -->
        <test-method signature="loginwithwithoutaccount()[pri:0, instance:Facebookproject.Loginfunctionality@52bf72b5]" started-at="2020-11-29T18:09:15 IST" name="loginwithwithoutaccount" finished-at="2020-11-29T18:09:21 IST" duration-ms="5999" status="PASS">
          <reporter-output>
          </reporter-output>
        </test-method> <!-- loginwithwithoutaccount -->
      </class> <!-- Facebookproject.Loginfunctionality -->
    </test> <!-- Default test -->
  </suite> <!-- Default suite -->
</testng-results>
